Watching for file changes with StatReloader
Watching for file changes with StatReloader
Not Found: /
"GET / HTTP/1.1" 404 2715
Not Found: /favicon.ico
"GET /favicon.ico HTTP/1.1" 404 2766
Not Found: /
"GET / HTTP/1.1" 404 2715
C:\Users\User\boiler-efficiency-factors\src\backend\boiler_analysis\services.py changed, reloading.
Watching for file changes with StatReloader
C:\Users\User\boiler-efficiency-factors\src\backend\boiler_analysis\services.py changed, reloading.
Watching for file changes with StatReloader
C:\Users\User\boiler-efficiency-factors\src\backend\boiler_analysis\services.py changed, reloading.
Watching for file changes with StatReloader
Watching for file changes with StatReloader
Not Found: /
"GET / HTTP/1.1" 404 2715
Not Found: /favicon.ico
"GET /favicon.ico HTTP/1.1" 404 2766
C:\Users\User\boiler-efficiency-factors\src\backend\boiler_analysis\urls.py changed, reloading.
C:\Users\User\boiler-efficiency-factors\src\backend\boiler_analysis\urls.py changed, reloading.
Watching for file changes with StatReloader
Watching for file changes with StatReloader
C:\Users\User\boiler-efficiency-factors\src\backend\boiler_analysis\urls.py changed, reloading.
C:\Users\User\boiler-efficiency-factors\src\backend\boiler_analysis\urls.py changed, reloading.
Watching for file changes with StatReloader
Watching for file changes with StatReloader
